This is pdfTeX, Version 3.14159265-2.6-1.40.19 (TeX Live 2019/dev/Debian) (preloaded format=pdflatex 2020.8.25)  8 DEC 2020 13:33
entering extended mode
 restricted \write18 enabled.
 %&-line parsing enabled.
**anpp.tex
(./anpp.tex
LaTeX2e <2018-12-01>
(/usr/share/texlive/texmf-dist/tex/latex/base/article.cls
Document Class: article 2018/09/03 v1.4i Standard LaTeX document class
(/usr/share/texlive/texmf-dist/tex/latex/base/size10.clo
File: size10.clo 2018/09/03 v1.4i Standard LaTeX file (size option)
)
\c@part=\count80
\c@section=\count81
\c@subsection=\count82
\c@subsubsection=\count83
\c@paragraph=\count84
\c@subparagraph=\count85
\c@figure=\count86
\c@table=\count87
\abovecaptionskip=\skip41
\belowcaptionskip=\skip42
\bibindent=\dimen102
)
(/usr/share/texlive/texmf-dist/tex/latex/geometry/geometry.sty
Package: geometry 2018/04/16 v5.8 Page Geometry

(/usr/share/texlive/texmf-dist/tex/latex/graphics/keyval.sty
Package: keyval 2014/10/28 v1.15 key=value parser (DPC)
\KV@toks@=\toks14
)
(/usr/share/texlive/texmf-dist/tex/generic/oberdiek/ifpdf.sty
Package: ifpdf 2018/09/07 v3.3 Provides the ifpdf switch
)
(/usr/share/texlive/texmf-dist/tex/generic/oberdiek/ifvtex.sty
Package: ifvtex 2016/05/16 v1.6 Detect VTeX and its facilities (HO)
Package ifvtex Info: VTeX not detected.
)
(/usr/share/texlive/texmf-dist/tex/generic/ifxetex/ifxetex.sty
Package: ifxetex 2010/09/12 v0.6 Provides ifxetex conditional
)
\Gm@cnth=\count88
\Gm@cntv=\count89
\c@Gm@tempcnt=\count90
\Gm@bindingoffset=\dimen103
\Gm@wd@mp=\dimen104
\Gm@odd@mp=\dimen105
\Gm@even@mp=\dimen106
\Gm@layoutwidth=\dimen107
\Gm@layoutheight=\dimen108
\Gm@layouthoffset=\dimen109
\Gm@layoutvoffset=\dimen110
\Gm@dimlist=\toks15
)
(/usr/share/texlive/texmf-dist/tex/latex/savetrees/savetrees.sty
Package: savetrees 2016/04/13 v2.4 Pack as much text as possible onto each page


(/usr/share/texlive/texmf-dist/tex/latex/xkeyval/xkeyval.sty
Package: xkeyval 2014/12/03 v2.7a package option processing (HA)

(/usr/share/texlive/texmf-dist/tex/generic/xkeyval/xkeyval.tex
(/usr/share/texlive/texmf-dist/tex/generic/xkeyval/xkvutils.tex
\XKV@toks=\toks16
\XKV@tempa@toks=\toks17
)
\XKV@depth=\count91
File: xkeyval.tex 2014/12/03 v2.7a key=value parser (HA)
))
(/usr/share/texlive/texmf-dist/tex/generic/oberdiek/ifluatex.sty
Package: ifluatex 2016/05/16 v1.4 Provides the ifluatex switch (HO)
Package ifluatex Info: LuaTeX not detected.
)
\everypar=\toks18
)
(/usr/share/texlive/texmf-dist/tex/latex/titlesec/titlesec.sty
Package: titlesec 2016/03/21 v2.10.2 Sectioning titles
\ttl@box=\box27
\beforetitleunit=\skip43
\aftertitleunit=\skip44
\ttl@plus=\dimen111
\ttl@minus=\dimen112
\ttl@toksa=\toks19
\titlewidth=\dimen113
\titlewidthlast=\dimen114
\titlewidthfirst=\dimen115
)
(/usr/share/texlive/texmf-dist/tex/latex/tools/calc.sty
Package: calc 2017/05/25 v4.3 Infix arithmetic (KKT,FJ)
\calc@Acount=\count92
\calc@Bcount=\count93
\calc@Adimen=\dimen116
\calc@Bdimen=\dimen117
\calc@Askip=\skip45
\calc@Bskip=\skip46
LaTeX Info: Redefining \setlength on input line 80.
LaTeX Info: Redefining \addtolength on input line 81.
\calc@Ccount=\count94
\calc@Cskip=\skip47
)
(/usr/share/texlive/texmf-dist/tex/latex/microtype/microtype.sty
Package: microtype 2019/02/28 v2.7b Micro-typographical refinements (RS)
\MT@toks=\toks20
\MT@count=\count95
LaTeX Info: Redefining \textls on input line 790.
\MT@outer@kern=\dimen118
LaTeX Info: Redefining \textmicrotypecontext on input line 1336.
\MT@listname@count=\count96

(/usr/share/texlive/texmf-dist/tex/latex/microtype/microtype-pdftex.def
File: microtype-pdftex.def 2019/02/28 v2.7b Definitions specific to pdftex (RS)

LaTeX Info: Redefining \lsstyle on input line 914.
LaTeX Info: Redefining \lslig on input line 914.
\MT@outer@space=\skip48
)
Package microtype Info: Loading configuration file microtype.cfg.

(/usr/share/texlive/texmf-dist/tex/latex/microtype/microtype.cfg
File: microtype.cfg 2019/02/28 v2.7b microtype main configuration file (RS)
))
(/usr/share/texlive/texmf-dist/tex/latex/psnfss/times.sty
Package: times 2005/04/12 PSNFSS-v9.2a (SPQR) 
)
(/usr/share/texlive/texmf-dist/tex/latex/l3packages/xparse/xparse.sty
(/usr/share/texlive/texmf-dist/tex/latex/l3kernel/expl3.sty
Package: expl3 2019-02-15 L3 programming layer (loader) 

(/usr/share/texlive/texmf-dist/tex/latex/l3kernel/expl3-code.tex
Package: expl3 2019-02-15 L3 programming layer (code)
\c_max_int=\count97
\l_tmpa_int=\count98
\l_tmpb_int=\count99
\g_tmpa_int=\count100
\g_tmpb_int=\count101
\g__kernel_prg_map_int=\count102
\c_log_iow=\count103
\l_iow_line_count_int=\count104
\l__iow_line_target_int=\count105
\l__iow_one_indent_int=\count106
\l__iow_indent_int=\count107
\c_zero_dim=\dimen119
\c_max_dim=\dimen120
\l_tmpa_dim=\dimen121
\l_tmpb_dim=\dimen122
\g_tmpa_dim=\dimen123
\g_tmpb_dim=\dimen124
\c_zero_skip=\skip49
\c_max_skip=\skip50
\l_tmpa_skip=\skip51
\l_tmpb_skip=\skip52
\g_tmpa_skip=\skip53
\g_tmpb_skip=\skip54
\c_zero_muskip=\muskip10
\c_max_muskip=\muskip11
\l_tmpa_muskip=\muskip12
\l_tmpb_muskip=\muskip13
\g_tmpa_muskip=\muskip14
\g_tmpb_muskip=\muskip15
\l_keys_choice_int=\count108
\l__intarray_loop_int=\count109
\c__intarray_sp_dim=\dimen125
\g__intarray_font_int=\count110
\c__fp_leading_shift_int=\count111
\c__fp_middle_shift_int=\count112
\c__fp_trailing_shift_int=\count113
\c__fp_big_leading_shift_int=\count114
\c__fp_big_middle_shift_int=\count115
\c__fp_big_trailing_shift_int=\count116
\c__fp_Bigg_leading_shift_int=\count117
\c__fp_Bigg_middle_shift_int=\count118
\c__fp_Bigg_trailing_shift_int=\count119
\c__kernel_randint_max_int=\count120
\g__fp_array_int=\count121
\l__fp_array_loop_int=\count122
\l__sort_length_int=\count123
\l__sort_min_int=\count124
\l__sort_top_int=\count125
\l__sort_max_int=\count126
\l__sort_true_max_int=\count127
\l__sort_block_int=\count128
\l__sort_begin_int=\count129
\l__sort_end_int=\count130
\l__sort_A_int=\count131
\l__sort_B_int=\count132
\l__sort_C_int=\count133
\l__tl_analysis_normal_int=\count134
\l__tl_analysis_index_int=\count135
\l__tl_analysis_nesting_int=\count136
\l__tl_analysis_type_int=\count137
\l__regex_internal_a_int=\count138
\l__regex_internal_b_int=\count139
\l__regex_internal_c_int=\count140
\l__regex_balance_int=\count141
\l__regex_group_level_int=\count142
\l__regex_mode_int=\count143
\c__regex_cs_in_class_mode_int=\count144
\c__regex_cs_mode_int=\count145
\l__regex_catcodes_int=\count146
\l__regex_default_catcodes_int=\count147
\c__regex_catcode_D_int=\count148
\c__regex_catcode_S_int=\count149
\c__regex_catcode_L_int=\count150
\c__regex_catcode_O_int=\count151
\c__regex_catcode_A_int=\count152
\c__regex_all_catcodes_int=\count153
\l__regex_show_lines_int=\count154
\l__regex_min_state_int=\count155
\l__regex_max_state_int=\count156
\l__regex_left_state_int=\count157
\l__regex_right_state_int=\count158
\l__regex_capturing_group_int=\count159
\l__regex_min_pos_int=\count160
\l__regex_max_pos_int=\count161
\l__regex_curr_pos_int=\count162
\l__regex_start_pos_int=\count163
\l__regex_success_pos_int=\count164
\l__regex_curr_char_int=\count165
\l__regex_curr_catcode_int=\count166
\l__regex_last_char_int=\count167
\l__regex_case_changed_char_int=\count168
\l__regex_curr_state_int=\count169
\l__regex_step_int=\count170
\l__regex_min_active_int=\count171
\l__regex_max_active_int=\count172
\l__regex_replacement_csnames_int=\count173
\l__regex_match_count_int=\count174
\l__regex_min_submatch_int=\count175
\l__regex_submatch_int=\count176
\l__regex_zeroth_submatch_int=\count177
\g__regex_trace_regex_int=\count178
\c_empty_box=\box28
\l_tmpa_box=\box29
\l_tmpb_box=\box30
\g_tmpa_box=\box31
\g_tmpb_box=\box32
\l__box_top_dim=\dimen126
\l__box_bottom_dim=\dimen127
\l__box_left_dim=\dimen128
\l__box_right_dim=\dimen129
\l__box_top_new_dim=\dimen130
\l__box_bottom_new_dim=\dimen131
\l__box_left_new_dim=\dimen132
\l__box_right_new_dim=\dimen133
\l__box_internal_box=\box33
\l__coffin_internal_box=\box34
\l__coffin_internal_dim=\dimen134
\l__coffin_offset_x_dim=\dimen135
\l__coffin_offset_y_dim=\dimen136
\l__coffin_x_dim=\dimen137
\l__coffin_y_dim=\dimen138
\l__coffin_x_prime_dim=\dimen139
\l__coffin_y_prime_dim=\dimen140
\c_empty_coffin=\box35
\l__coffin_aligned_coffin=\box36
\l__coffin_aligned_internal_coffin=\box37
\l_tmpa_coffin=\box38
\l_tmpb_coffin=\box39
\g_tmpa_coffin=\box40
\g_tmpb_coffin=\box41
\c__coffin_empty_coffin=\box42
\l__coffin_display_coffin=\box43
\l__coffin_display_coord_coffin=\box44
\l__coffin_display_pole_coffin=\box45
\l__coffin_display_offset_dim=\dimen141
\l__coffin_display_x_dim=\dimen142
\l__coffin_display_y_dim=\dimen143
\g__file_internal_ior=\read1
\l__coffin_bounding_shift_dim=\dimen144
\l__coffin_left_corner_dim=\dimen145
\l__coffin_right_corner_dim=\dimen146
\l__coffin_bottom_corner_dim=\dimen147
\l__coffin_top_corner_dim=\dimen148
\l__coffin_scaled_total_height_dim=\dimen149
\l__coffin_scaled_width_dim=\dimen150
\l__seq_internal_a_int=\count179
\l__seq_internal_b_int=\count180
)
(/usr/share/texlive/texmf-dist/tex/latex/l3kernel/l3pdfmode.def
File: l3pdfmode.def 2019-02-15 v L3 Experimental driver: PDF mode
\l__driver_color_stack_int=\count181
))
Package: xparse 2018-10-17 L3 Experimental document command parser
\l__xparse_current_arg_int=\count182
\g__xparse_grabber_int=\count183
\l__xparse_m_args_int=\count184
\l__xparse_mandatory_args_int=\count185
\l__xparse_v_nesting_int=\count186
)
(/usr/share/texlive/texmf-dist/tex/latex/amsmath/amsmath.sty
Package: amsmath 2018/12/01 v2.17b AMS math features
\@mathmargin=\skip55

For additional information on amsmath, use the `?' option.
(/usr/share/texlive/texmf-dist/tex/latex/amsmath/amstext.sty
Package: amstext 2000/06/29 v2.01 AMS text

(/usr/share/texlive/texmf-dist/tex/latex/amsmath/amsgen.sty
File: amsgen.sty 1999/11/30 v2.0 generic functions
\@emptytoks=\toks21
\ex@=\dimen151
))
(/usr/share/texlive/texmf-dist/tex/latex/amsmath/amsbsy.sty
Package: amsbsy 1999/11/29 v1.2d Bold Symbols
\pmbraise@=\dimen152
)
(/usr/share/texlive/texmf-dist/tex/latex/amsmath/amsopn.sty
Package: amsopn 2016/03/08 v2.02 operator names
)
\inf@bad=\count187
LaTeX Info: Redefining \frac on input line 223.
\uproot@=\count188
\leftroot@=\count189
LaTeX Info: Redefining \overline on input line 385.
\classnum@=\count190
\DOTSCASE@=\count191
LaTeX Info: Redefining \ldots on input line 482.
LaTeX Info: Redefining \dots on input line 485.
LaTeX Info: Redefining \cdots on input line 606.
\Mathstrutbox@=\box46
\strutbox@=\box47
\big@size=\dimen153
LaTeX Font Info:    Redeclaring font encoding OML on input line 729.
LaTeX Font Info:    Redeclaring font encoding OMS on input line 730.
\macc@depth=\count192
\c@MaxMatrixCols=\count193
\dotsspace@=\muskip16
\c@parentequation=\count194
\dspbrk@lvl=\count195
\tag@help=\toks22
\row@=\count196
\column@=\count197
\maxfields@=\count198
\andhelp@=\toks23
\eqnshift@=\dimen154
\alignsep@=\dimen155
\tagshift@=\dimen156
\tagwidth@=\dimen157
\totwidth@=\dimen158
\lineht@=\dimen159
\@envbody=\toks24
\multlinegap=\skip56
\multlinetaggap=\skip57
\mathdisplay@stack=\toks25
LaTeX Info: Redefining \[ on input line 2844.
LaTeX Info: Redefining \] on input line 2845.
)
(/usr/share/texlive/texmf-dist/tex/latex/amsfonts/amssymb.sty
Package: amssymb 2013/01/14 v3.01 AMS font symbols

(/usr/share/texlive/texmf-dist/tex/latex/amsfonts/amsfonts.sty
Package: amsfonts 2013/01/14 v3.01 Basic AMSFonts support
\symAMSa=\mathgroup4
\symAMSb=\mathgroup5
LaTeX Font Info:    Overwriting math alphabet `\mathfrak' in version `bold'
(Font)                  U/euf/m/n --> U/euf/b/n on input line 106.
))
(/usr/share/texlive/texmf-dist/tex/latex/esint/esint.sty
Package: esint 
\symlargesymbolsA=\mathgroup6
)
(/usr/share/texlive/texmf-dist/tex/latex/physics/physics.sty
Package: physics 
)
(/usr/share/texlive/texmf-dist/tex/latex/mhchem/mhchem.sty
Package: mhchem 2018/06/22 v4.08 for typesetting chemical formulae

(/usr/share/texlive/texmf-dist/tex/latex/l3packages/l3keys2e/l3keys2e.sty
Package: l3keys2e 2018-10-17 LaTeX2e option processing using LaTeX3 keys
)
(/usr/share/texlive/texmf-dist/tex/latex/chemgreek/chemgreek.sty
Package: chemgreek 2016/12/20 v1.1 interfaceforuprightgreeklettersforuseinchemi
stry (CN)
\l__chemgreek_tmpa_int=\count199
\g__chemgreek_tmpa_int=\count266
)
(/usr/share/texlive/texmf-dist/tex/latex/graphics/graphics.sty
Package: graphics 2017/06/25 v1.2c Standard LaTeX Graphics (DPC,SPQR)

(/usr/share/texlive/texmf-dist/tex/latex/graphics/trig.sty
Package: trig 2016/01/03 v1.10 sin cos tan (DPC)
)
(/usr/share/texlive/texmf-dist/tex/latex/graphics-cfg/graphics.cfg
File: graphics.cfg 2016/06/04 v1.11 sample graphics configuration
)
Package graphics Info: Driver file: pdftex.def on input line 99.

(/usr/share/texlive/texmf-dist/tex/latex/graphics-def/pdftex.def
File: pdftex.def 2018/01/08 v1.0l Graphics/color driver for pdftex
))
\l__mhchem_ce_distanceFromLastComma_int=\count267
\__mhchem_arrow_extPgfLength_skip=\skip58
\mhchem@minispace@tmp=\skip59
\mhchem@minibackspace@tmp=\skip60
\mhchem@bondwidth=\skip61
\mhchem@bondheight=\skip62
\mhchem@smallbondwidth@tmpA=\skip63
\mhchem@smallbondwidth@tmpB=\skip64
\mhchem@smallbondwidth=\skip65
\mhchem@bondtmp@minussidebearingleft=\skip66
\mhchem@bondtmp@minussidebearingright=\skip67
\l__mhchem_option_version_int=\count268
\mhchem@option@minusmathsidebearingleft=\dimen160
\mhchem@option@minusmathsidebearingright=\dimen161
\mhchem@option@minustextsidebearingleft=\dimen162
\mhchem@option@minustextsidebearingright=\dimen163


Package mhchem Warning: You did not specify a 'version' option for the mhchem
(mhchem)                package. Please write \usepackage[version=4]{mhchem}
(mhchem)                in your preamble (or any lower number for
(mhchem)                compatibility mode), because you might get slightly
(mhchem)                different output with the same input in future versions
.

) (./anpp.aux)
\openout1 = `anpp.aux'.

LaTeX Font Info:    Checking defaults for OML/cmm/m/it on input line 31.
LaTeX Font Info:    ... okay on input line 31.
LaTeX Font Info:    Checking defaults for T1/cmr/m/n on input line 31.
LaTeX Font Info:    ... okay on input line 31.
LaTeX Font Info:    Checking defaults for OT1/cmr/m/n on input line 31.
LaTeX Font Info:    ... okay on input line 31.
LaTeX Font Info:    Checking defaults for OMS/cmsy/m/n on input line 31.
LaTeX Font Info:    ... okay on input line 31.
LaTeX Font Info:    Checking defaults for OMX/cmex/m/n on input line 31.
LaTeX Font Info:    ... okay on input line 31.
LaTeX Font Info:    Checking defaults for U/cmr/m/n on input line 31.
LaTeX Font Info:    ... okay on input line 31.
LaTeX Font Info:    Try loading font information for OT1+ptm on input line 31.
 (/usr/share/texlive/texmf-dist/tex/latex/psnfss/ot1ptm.fd
File: ot1ptm.fd 2001/06/04 font definitions for OT1/ptm.
)
*geometry* driver: auto-detecting
*geometry* detected driver: pdftex
*geometry* verbose mode - [ preamble ] result:
* driver: pdftex
* paper: a4paper
* layout: <same size as paper>
* layoutoffset:(h,v)=(0.0pt,0.0pt)
* modes: 
* h-part:(L,W,R)=(36.135pt, 525.23788pt, 36.135pt)
* v-part:(T,H,B)=(36.135pt, 772.77686pt, 36.135pt)
* \paperwidth=597.50787pt
* \paperheight=845.04684pt
* \textwidth=525.23788pt
* \textheight=772.77686pt
* \oddsidemargin=-36.135pt
* \evensidemargin=-36.135pt
* \topmargin=-73.135pt
* \headheight=12.0pt
* \headsep=25.0pt
* \topskip=10.0pt
* \footskip=30.0pt
* \marginparwidth=4.0pt
* \marginparsep=10.0pt
* \columnsep=10.0pt
* \skip\footins=9.0pt plus 4.0pt minus 2.0pt
* \hoffset=0.0pt
* \voffset=0.0pt
* \mag=1000
* \@twocolumntrue
* \@twosidefalse
* \@mparswitchfalse
* \@reversemarginfalse
* (1in=72.27pt=25.4mm, 1cm=28.453pt)

LaTeX Info: Redefining \microtypecontext on input line 31.
Package microtype Info: Generating PDF output.
Package microtype Info: Character protrusion enabled (level 2).
Package microtype Info: Using default protrusion set `alltext'.
Package microtype Info: Automatic font expansion enabled (level 2),
(microtype)             stretch: 0, shrink: 50, step: 1, non-selected.
Package microtype Info: Using default expansion set `basictext'.
Package microtype Info: Tracking enabled.
Package microtype Info: Using tracking set `all'.
Package microtype Info: No adjustment of interword spacing.
Package microtype Info: No adjustment of character kerning.
(/usr/share/texlive/texmf-dist/tex/latex/microtype/mt-ptm.cfg
File: mt-ptm.cfg 2006/04/20 v1.7 microtype config. file: Times (RS)
)

Package chemgreek Info: Activating mapping `default' on line 31.


(/usr/share/texlive/texmf-dist/tex/context/base/mkii/supp-pdf.mkii
[Loading MPS to PDF converter (version 2006.09.02).]
\scratchcounter=\count269
\scratchdimen=\dimen164
\scratchbox=\box48
\nofMPsegments=\count270
\nofMParguments=\count271
\everyMPshowfont=\toks26
\MPscratchCnt=\count272
\MPscratchDim=\dimen165
\MPnumerator=\count273
\makeMPintoPDFobject=\count274
\everyMPtoPDFconversion=\toks27
) (/usr/share/texlive/texmf-dist/tex/latex/oberdiek/epstopdf-base.sty
Package: epstopdf-base 2016/05/15 v2.6 Base part for package epstopdf

(/usr/share/texlive/texmf-dist/tex/generic/oberdiek/infwarerr.sty
Package: infwarerr 2016/05/16 v1.4 Providing info/warning/error messages (HO)
)
(/usr/share/texlive/texmf-dist/tex/latex/oberdiek/grfext.sty
Package: grfext 2016/05/16 v1.2 Manage graphics extensions (HO)

(/usr/share/texlive/texmf-dist/tex/generic/oberdiek/kvdefinekeys.sty
Package: kvdefinekeys 2016/05/16 v1.4 Define keys (HO)

(/usr/share/texlive/texmf-dist/tex/generic/oberdiek/ltxcmds.sty
Package: ltxcmds 2016/05/16 v1.23 LaTeX kernel commands for general use (HO)
)))
(/usr/share/texlive/texmf-dist/tex/latex/oberdiek/kvoptions.sty
Package: kvoptions 2016/05/16 v3.12 Key value format for package options (HO)

(/usr/share/texlive/texmf-dist/tex/generic/oberdiek/kvsetkeys.sty
Package: kvsetkeys 2016/05/16 v1.17 Key value parser (HO)

(/usr/share/texlive/texmf-dist/tex/generic/oberdiek/etexcmds.sty
Package: etexcmds 2016/05/16 v1.6 Avoid name clashes with e-TeX commands (HO)
)))
(/usr/share/texlive/texmf-dist/tex/generic/oberdiek/pdftexcmds.sty
Package: pdftexcmds 2018/09/10 v0.29 Utility functions of pdfTeX for LuaTeX (HO
)
Package pdftexcmds Info: LuaTeX not detected.
Package pdftexcmds Info: \pdf@primitive is available.
Package pdftexcmds Info: \pdf@ifprimitive is available.
Package pdftexcmds Info: \pdfdraftmode found.
)
Package epstopdf-base Info: Redefining graphics rule for `.eps' on input line 4
38.
Package grfext Info: Graphics extension search list:
(grfext)             [.pdf,.png,.jpg,.mps,.jpeg,.jbig2,.jb2,.PDF,.PNG,.JPG,.JPE
G,.JBIG2,.JB2,.eps]
(grfext)             \AppendGraphicsExtensions on input line 456.

(/usr/share/texlive/texmf-dist/tex/latex/latexconfig/epstopdf-sys.cfg
File: epstopdf-sys.cfg 2010/07/13 v1.3 Configuration of (r)epstopdf for TeX Liv
e
))
LaTeX Font Info:    Font shape `OT1/ptm/bx/n' in size <12> not available
(Font)              Font shape `OT1/ptm/b/n' tried instead on input line 32.

(/usr/share/texlive/texmf-dist/tex/latex/microtype/mt-cmr.cfg
File: mt-cmr.cfg 2013/05/19 v2.2 microtype config. file: Computer Modern Roman 
(RS)
)
LaTeX Font Info:    Try loading font information for U+msa on input line 32.

(/usr/share/texlive/texmf-dist/tex/latex/amsfonts/umsa.fd
File: umsa.fd 2013/01/14 v3.01 AMS symbols A
)
(/usr/share/texlive/texmf-dist/tex/latex/microtype/mt-msa.cfg
File: mt-msa.cfg 2006/02/04 v1.1 microtype config. file: AMS symbols (a) (RS)
)
LaTeX Font Info:    Try loading font information for U+msb on input line 32.

(/usr/share/texlive/texmf-dist/tex/latex/amsfonts/umsb.fd
File: umsb.fd 2013/01/14 v3.01 AMS symbols B
)
(/usr/share/texlive/texmf-dist/tex/latex/microtype/mt-msb.cfg
File: mt-msb.cfg 2005/06/01 v1.0 microtype config. file: AMS symbols (b) (RS)
)
LaTeX Font Info:    Try loading font information for U+esint on input line 32.

(/usr/share/texlive/texmf-dist/tex/latex/esint/uesint.fd
File: uesint.fd 
)
LaTeX Font Info:    Font shape `OT1/ptm/bx/n' in size <14.4> not available
(Font)              Font shape `OT1/ptm/b/n' tried instead on input line 34.
LaTeX Font Info:    Font shape `OT1/ptm/bx/n' in size <20.74> not available
(Font)              Font shape `OT1/ptm/b/n' tried instead on input line 34.
LaTeX Font Info:    Font shape `OT1/ptm/bx/n' in size <10> not available
(Font)              Font shape `OT1/ptm/b/n' tried instead on input line 35.
LaTeX Font Info:    Try loading font information for OMS+ptm on input line 150.


(/usr/share/texlive/texmf-dist/tex/latex/psnfss/omsptm.fd
File: omsptm.fd 
)
LaTeX Font Info:    Font shape `OMS/ptm/m/n' in size <10> not available
(Font)              Font shape `OMS/cmsy/m/n' tried instead on input line 150.
 [1{/var/lib/texmf/fonts/map/pdftex/updmap/pdftex.map}


]
Overfull \hbox (28.98723pt too wide) detected at line 185
[][]
 []


Underfull \hbox (badness 1052) in paragraph at lines 219--220
[]\OT1/ptm/m/n/10/-25ls Classically, the to-tal or-bital an-gu-lar mo-men-tum $
[]$ must be
 []

[2]
Overfull \hbox (0.93307pt too wide) detected at line 370
[][]
 []


Underfull \hbox (badness 1635) in paragraph at lines 377--378
[]\OT1/ptm/m/n/10/-25ls Each scat-ter-ing an-gle $\OML/cmm/m/it/10/-25ls ^^R$ \
OT1/ptm/m/n/10/-25ls cor-re-sponds to a unique value of
 []

[3]
Overfull \hbox (34.58772pt too wide) detected at line 441
 []\OML/cmm/m/it/10/-25ls U \OT1/cmr/m/n/10/-25ls = [][] [] \OML/cmm/m/it/10/-2
5ls B[] \OT1/cmr/m/n/10/-25ls = \OMS/cmsy/m/n/10/-25ls ^^@\OML/cmm/m/it/10/-25l
s a[][] a[] \OT1/cmr/m/n/10/-25ls = 0\OML/cmm/m/it/10/-25ls :\OT1/cmr/m/n/10/-2
5ls 697[]
 []


Overfull \hbox (11.51231pt too wide) detected at line 448
\OML/cmm/m/it/10/-25ls B[] \OT1/cmr/m/n/10/-25ls = \OMS/cmsy/m/n/10/-25ls ^^@\O
ML/cmm/m/it/10/-25ls a[][] a[] \OT1/cmr/m/n/10/-25ls = []
 []

[4] [5]
Missing character: There is no ÿ in font cmr10-25ls!
Missing character: There is no ÿ in font cmr10-25ls!
Missing character: There is no ÿ in font cmr10-25ls!
Missing character: There is no ÿ in font cmr10-25ls!
Missing character: There is no ÿ in font cmr7-25ls!
Missing character: There is no ÿ in font cmr7-25ls!
Missing character: There is no ÿ in font cmr5-25ls!
Missing character: There is no ÿ in font cmr5-25ls!
Missing character: There is no ÿ in font cmr10-25ls!
Missing character: There is no ÿ in font cmr10-25ls!
Missing character: There is no ÿ in font cmr10-25ls!
Missing character: There is no ÿ in font cmr10-25ls!
Missing character: There is no ÿ in font cmr7-25ls!
Missing character: There is no ÿ in font cmr7-25ls!
Missing character: There is no ÿ in font cmr5-25ls!
Missing character: There is no ÿ in font cmr5-25ls!
Missing character: There is no ÿ in font cmr10-25ls!
Missing character: There is no ÿ in font cmr10-25ls!
Missing character: There is no ÿ in font cmr10-25ls!
Missing character: There is no ÿ in font cmr10-25ls!
Missing character: There is no ÿ in font cmr7-25ls!
Missing character: There is no ÿ in font cmr7-25ls!
Missing character: There is no ÿ in font cmr5-25ls!
Missing character: There is no ÿ in font cmr5-25ls!
Missing character: There is no ÿ in font cmr10-25ls!
Missing character: There is no ÿ in font cmr10-25ls!
Missing character: There is no ÿ in font cmr10-25ls!
Missing character: There is no ÿ in font cmr10-25ls!
Missing character: There is no ÿ in font cmr7-25ls!
Missing character: There is no ÿ in font cmr7-25ls!
Missing character: There is no ÿ in font cmr5-25ls!
Missing character: There is no ÿ in font cmr5-25ls!
Missing character: There is no ÿ in font cmr10-25ls!
Missing character: There is no ÿ in font cmr10-25ls!
Missing character: There is no ÿ in font cmr10-25ls!
Missing character: There is no ÿ in font cmr10-25ls!
Missing character: There is no ÿ in font cmr7-25ls!
Missing character: There is no ÿ in font cmr7-25ls!
Missing character: There is no ÿ in font cmr5-25ls!
Missing character: There is no ÿ in font cmr5-25ls!
Missing character: There is no ÿ in font cmr10-25ls!
Missing character: There is no ÿ in font cmr10-25ls!
Missing character: There is no ÿ in font cmr10-25ls!
Missing character: There is no ÿ in font cmr10-25ls!
Missing character: There is no ÿ in font cmr7-25ls!
Missing character: There is no ÿ in font cmr7-25ls!
Missing character: There is no ÿ in font cmr5-25ls!
Missing character: There is no ÿ in font cmr5-25ls!
Missing character: There is no ÿ in font cmr10-25ls!
Missing character: There is no ÿ in font cmr10-25ls!
Missing character: There is no ÿ in font cmr10-25ls!
Missing character: There is no ÿ in font cmr10-25ls!
Missing character: There is no ÿ in font cmr7-25ls!
Missing character: There is no ÿ in font cmr7-25ls!
Missing character: There is no ÿ in font cmr5-25ls!
Missing character: There is no ÿ in font cmr5-25ls!

Underfull \hbox (badness 1168) in paragraph at lines 893--894
[]\OT1/ptm/m/n/10/-25ls energy cor-rec-tion due to spin-orbit cou-pling of the 
nu-clear
 []

Missing character: There is no ÿ in font cmr10-25ls!
Missing character: There is no ÿ in font cmr10-25ls!
Missing character: There is no ÿ in font cmr10-25ls!
Missing character: There is no ÿ in font cmr10-25ls!
Missing character: There is no ÿ in font cmr7-25ls!
Missing character: There is no ÿ in font cmr7-25ls!
Missing character: There is no ÿ in font cmr5-25ls!
Missing character: There is no ÿ in font cmr5-25ls!
Missing character: There is no ÿ in font cmr10-25ls!
Missing character: There is no ÿ in font cmr10-25ls!
Missing character: There is no ÿ in font cmr10-25ls!
Missing character: There is no ÿ in font cmr10-25ls!
Missing character: There is no ÿ in font cmr7-25ls!
Missing character: There is no ÿ in font cmr7-25ls!
Missing character: There is no ÿ in font cmr5-25ls!
Missing character: There is no ÿ in font cmr5-25ls!
Missing character: There is no ÿ in font cmr10-25ls!
Missing character: There is no ÿ in font cmr10-25ls!
Missing character: There is no ÿ in font cmr10-25ls!
Missing character: There is no ÿ in font cmr10-25ls!
Missing character: There is no ÿ in font cmr7-25ls!
Missing character: There is no ÿ in font cmr7-25ls!
Missing character: There is no ÿ in font cmr5-25ls!
Missing character: There is no ÿ in font cmr5-25ls!
Missing character: There is no ÿ in font cmr10-25ls!
Missing character: There is no ÿ in font cmr10-25ls!
Missing character: There is no ÿ in font cmr10-25ls!
Missing character: There is no ÿ in font cmr10-25ls!
Missing character: There is no ÿ in font cmr7-25ls!
Missing character: There is no ÿ in font cmr7-25ls!
Missing character: There is no ÿ in font cmr5-25ls!
Missing character: There is no ÿ in font cmr5-25ls!
Missing character: There is no ÿ in font cmr10-25ls!
Missing character: There is no ÿ in font cmr10-25ls!
Missing character: There is no ÿ in font cmr10-25ls!
Missing character: There is no ÿ in font cmr10-25ls!
Missing character: There is no ÿ in font cmr7-25ls!
Missing character: There is no ÿ in font cmr7-25ls!
Missing character: There is no ÿ in font cmr5-25ls!
Missing character: There is no ÿ in font cmr5-25ls!
Missing character: There is no ÿ in font cmr10-25ls!
Missing character: There is no ÿ in font cmr10-25ls!
Missing character: There is no ÿ in font cmr10-25ls!
Missing character: There is no ÿ in font cmr10-25ls!
Missing character: There is no ÿ in font cmr7-25ls!
Missing character: There is no ÿ in font cmr7-25ls!
Missing character: There is no ÿ in font cmr5-25ls!
Missing character: There is no ÿ in font cmr5-25ls!
Missing character: There is no ÿ in font cmr10-25ls!
Missing character: There is no ÿ in font cmr10-25ls!
Missing character: There is no ÿ in font cmr10-25ls!
Missing character: There is no ÿ in font cmr10-25ls!
Missing character: There is no ÿ in font cmr7-25ls!
Missing character: There is no ÿ in font cmr7-25ls!
Missing character: There is no ÿ in font cmr5-25ls!
Missing character: There is no ÿ in font cmr5-25ls!
Missing character: There is no ÿ in font cmr10-25ls!
Missing character: There is no ÿ in font cmr10-25ls!
Missing character: There is no ÿ in font cmr10-25ls!
Missing character: There is no ÿ in font cmr10-25ls!
Missing character: There is no ÿ in font cmr7-25ls!
Missing character: There is no ÿ in font cmr7-25ls!
Missing character: There is no ÿ in font cmr5-25ls!
Missing character: There is no ÿ in font cmr5-25ls!
Missing character: There is no ÿ in font cmr10-25ls!
Missing character: There is no ÿ in font cmr10-25ls!
Missing character: There is no ÿ in font cmr10-25ls!
Missing character: There is no ÿ in font cmr10-25ls!
Missing character: There is no ÿ in font cmr7-25ls!
Missing character: There is no ÿ in font cmr7-25ls!
Missing character: There is no ÿ in font cmr5-25ls!
Missing character: There is no ÿ in font cmr5-25ls!
Missing character: There is no ÿ in font cmr10-25ls!
Missing character: There is no ÿ in font cmr10-25ls!
Missing character: There is no ÿ in font cmr10-25ls!
Missing character: There is no ÿ in font cmr10-25ls!
Missing character: There is no ÿ in font cmr7-25ls!
Missing character: There is no ÿ in font cmr7-25ls!
Missing character: There is no ÿ in font cmr5-25ls!
Missing character: There is no ÿ in font cmr5-25ls!
Missing character: There is no ÿ in font cmr10-25ls!
Missing character: There is no ÿ in font cmr10-25ls!
Missing character: There is no ÿ in font cmr10-25ls!
Missing character: There is no ÿ in font cmr10-25ls!
Missing character: There is no ÿ in font cmr7-25ls!
Missing character: There is no ÿ in font cmr7-25ls!
Missing character: There is no ÿ in font cmr5-25ls!
Missing character: There is no ÿ in font cmr5-25ls!
Missing character: There is no ÿ in font cmr10-25ls!
Missing character: There is no ÿ in font cmr10-25ls!
Missing character: There is no ÿ in font cmr10-25ls!
Missing character: There is no ÿ in font cmr10-25ls!
Missing character: There is no ÿ in font cmr7-25ls!
Missing character: There is no ÿ in font cmr7-25ls!
Missing character: There is no ÿ in font cmr5-25ls!
Missing character: There is no ÿ in font cmr5-25ls!
Missing character: There is no ÿ in font cmr10-25ls!
Missing character: There is no ÿ in font cmr10-25ls!
Missing character: There is no ÿ in font cmr10-25ls!
Missing character: There is no ÿ in font cmr10-25ls!
Missing character: There is no ÿ in font cmr7-25ls!
Missing character: There is no ÿ in font cmr7-25ls!
Missing character: There is no ÿ in font cmr5-25ls!
Missing character: There is no ÿ in font cmr5-25ls!
Missing character: There is no ÿ in font cmr10-25ls!
Missing character: There is no ÿ in font cmr10-25ls!
Missing character: There is no ÿ in font cmr10-25ls!
Missing character: There is no ÿ in font cmr10-25ls!
Missing character: There is no ÿ in font cmr7-25ls!
Missing character: There is no ÿ in font cmr7-25ls!
Missing character: There is no ÿ in font cmr5-25ls!
Missing character: There is no ÿ in font cmr5-25ls!
Missing character: There is no ÿ in font cmr10-25ls!
Missing character: There is no ÿ in font cmr10-25ls!
Missing character: There is no ÿ in font cmr10-25ls!
Missing character: There is no ÿ in font cmr10-25ls!
Missing character: There is no ÿ in font cmr7-25ls!
Missing character: There is no ÿ in font cmr7-25ls!
Missing character: There is no ÿ in font cmr5-25ls!
Missing character: There is no ÿ in font cmr5-25ls!
Missing character: There is no ÿ in font cmr10-25ls!
Missing character: There is no ÿ in font cmr10-25ls!
Missing character: There is no ÿ in font cmr10-25ls!
Missing character: There is no ÿ in font cmr10-25ls!
Missing character: There is no ÿ in font cmr7-25ls!
Missing character: There is no ÿ in font cmr7-25ls!
Missing character: There is no ÿ in font cmr5-25ls!
Missing character: There is no ÿ in font cmr5-25ls!
[6] [7

] (./anpp.aux) ) 
Here is how much of TeX's memory you used:
 16585 strings out of 492615
 298559 string characters out of 6131390
 422636 words of memory out of 5000000
 20093 multiletter control sequences out of 15000+600000
 573756 words of font info for 266 fonts, out of 8000000 for 9000
 1141 hyphenation exceptions out of 8191
 43i,19n,63p,851b,471s stack positions out of 5000i,500n,10000p,200000b,80000s
{/usr/share/texlive/texmf-dist/fonts/enc/dvips/base/8r.enc}</us
r/share/texlive/texmf-dist/fonts/type1/public/amsfonts/cm/cmbx10.pfb></usr/shar
e/texlive/texmf-dist/fonts/type1/public/amsfonts/cm/cmex10.pfb></usr/share/texl
ive/texmf-dist/fonts/type1/public/amsfonts/cm/cmmi10.pfb></usr/share/texlive/te
xmf-dist/fonts/type1/public/amsfonts/cm/cmmi5.pfb></usr/share/texlive/texmf-dis
t/fonts/type1/public/amsfonts/cm/cmmi7.pfb></usr/share/texlive/texmf-dist/fonts
/type1/public/amsfonts/cm/cmr10.pfb></usr/share/texlive/texmf-dist/fonts/type1/
public/amsfonts/cm/cmr5.pfb></usr/share/texlive/texmf-dist/fonts/type1/public/a
msfonts/cm/cmr7.pfb></usr/share/texlive/texmf-dist/fonts/type1/public/amsfonts/
cm/cmsy10.pfb></usr/share/texlive/texmf-dist/fonts/type1/public/amsfonts/cm/cms
y5.pfb></usr/share/texlive/texmf-dist/fonts/type1/public/amsfonts/cm/cmsy7.pfb>
</usr/share/texlive/texmf-dist/fonts/type1/public/esint-type1/esint10.pfb></usr
/share/texlive/texmf-dist/fonts/type1/public/amsfonts/symbols/msam10.pfb></usr/
share/texlive/texmf-dist/fonts/type1/public/amsfonts/symbols/msbm10.pfb></usr/s
hare/texlive/texmf-dist/fonts/type1/public/amsfonts/symbols/msbm5.pfb></usr/sha
re/texlive/texmf-dist/fonts/type1/urw/times/utmb8a.pfb></usr/share/texlive/texm
f-dist/fonts/type1/urw/times/utmr8a.pfb></usr/share/texlive/texmf-dist/fonts/ty
pe1/urw/times/utmri8a.pfb>
Output written on anpp.pdf (7 pages, 246906 bytes).
PDF statistics:
 101 PDF objects out of 1000 (max. 8388607)
 73 compressed objects within 1 object stream
 0 named destinations out of 1000 (max. 500000)
 33793 words of extra memory for PDF output out of 35830 (max. 10000000)

